Disabled unneeded token privilege: SeAssignPrimaryTokenPrivilege.
Disabled unneeded token privilege: SeAuditPrivilege.
Disabled unneeded token privilege: SeBackupPrivilege.
Disabled unneeded token privilege: SeCreateGlobalPrivilege.
Disabled unneeded token privilege: SeCreatePagefilePrivilege.
Disabled unneeded token privilege: SeCreatePermanentPrivilege.
Disabled unneeded token privilege: SeCreateSymbolicLinkPrivilege.
Could not disable token privilege value: SeCreateTokenPrivilege. (1300)
Disabled unneeded token privilege: SeDebugPrivilege.
Could not disable token privilege value: SeEnableDelegationPrivilege. (1300)
Disabled unneeded token privilege: SeImpersonatePrivilege.
Disabled unneeded token privilege: SeIncreaseBasePriorityPrivilege.
Disabled unneeded token privilege: SeIncreaseQuotaPrivilege.
Disabled unneeded token privilege: SeIncreaseWorkingSetPrivilege.
Disabled unneeded token privilege: SeLoadDriverPrivilege.
Disabled unneeded token privilege: SeLockMemoryPrivilege.
Could not disable token privilege value: SeMachineAccountPrivilege. (1300)
Disabled unneeded token privilege: SeManageVolumePrivilege.
Disabled unneeded token privilege: SeProfileSingleProcessPrivilege.
Could not disable token privilege value: SeRelabelPrivilege. (1300)
Could not disable token privilege value: SeRemoteShutdownPrivilege. (1300)
Disabled unneeded token privilege: SeRestorePrivilege.
Disabled unneeded token privilege: SeSecurityPrivilege.
Disabled unneeded token privilege: SeShutdownPrivilege.
Could not disable token privilege value: SeSyncAgentPrivilege. (1300)
Disabled unneeded token privilege: SeSystemEnvironmentPrivilege.
Disabled unneeded token privilege: SeSystemProfilePrivilege.
Disabled unneeded token privilege: SeSystemtimePrivilege.
Disabled unneeded token privilege: SeTakeOwnershipPrivilege.
Disabled unneeded token privilege: SeTcbPrivilege.
Disabled unneeded token privilege: SeTimeZonePrivilege.
Could not disable token privilege value: SeTrustedCredManAccessPrivilege. (1300)
Disabled unneeded token privilege: SeUndockPrivilege.
Could not disable token privilege value: SeUnsolicitedInputPrivilege. (1313)
Executing service command software-update, ID: 9700347f-24fd-4668-9118-9b782dda2b68
updater.exe was compared successfully to the installation directory updater.exe.
The updater.exe application contains the Mozilla updater identity.
The file "C:\Program Files (x86)\Mozilla Firefox\updater.exe" is signed and the signature was verified.
Passed in path: 'C:\Program Files (x86)\Mozilla Firefox\updater.exe'; Using this path for updating: 'C:\Program Files (x86)\Mozilla Maintenance Service\update\updater.exe'.
updater.exe was compared successfully to the installation directory updater.exe.
The updater.exe application contains the Mozilla updater identity.
The file "C:\Program Files (x86)\Mozilla Maintenance Service\update\updater.exe" is signed and the signature was verified.
Starting update process as the service in session 0.
Starting service with cmdline: "C:\Program Files (x86)\Mozilla Maintenance Service\update\updater.exe" C:\Users\User\AppData\Local\Mozilla\updates\E7CF176E110C211B\updates\0 "C:\Program Files (x86)\Mozilla Firefox" "C:\Program Files (x86)\Mozilla Firefox\updated" -1
Process was started... waiting on result.
Process finished with return code 0.
updater.exe returned status: applied

updater.exe was launched and run successfully!
Service command software-update complete.
service command MozillaMaintenance complete with result: Success.
